0 info it worked if it ends with ok
1 verbose cli [ 'C:\\Program Files\\nodejs\\\\node.exe',
1 verbose cli   'C:\\Program Files\\nodejs\\node_modules\\npm\\bin\\npm-cli.js',
1 verbose cli   'run-script',
1 verbose cli   'lint' ]
2 info using npm@1.4.28
3 info using node@v0.10.32
4 verbose node symlink C:\Program Files\nodejs\\node.exe
5 verbose run-script [ 'prelint', 'lint', 'postlint' ]
6 info prelint panoramio-api@0.1.0
7 info lint panoramio-api@0.1.0
8 verbose unsafe-perm in lifecycle true
9 info panoramio-api@0.1.0 Failed to exec lint script
10 error panoramio-api@0.1.0 lint: `jshint .`
10 error Exit status 2
11 error Failed at the panoramio-api@0.1.0 lint script.
11 error This is most likely a problem with the panoramio-api package,
11 error not with npm itself.
11 error Tell the author that this fails on your system:
11 error     jshint .
11 error You can get their info via:
11 error     npm owner ls panoramio-api
11 error There is likely additional logging output above.
12 error System Windows_NT 6.2.9200
13 error command "C:\\Program Files\\nodejs\\\\node.exe" "C:\\Program Files\\nodejs\\node_modules\\npm\\bin\\npm-cli.js" "run-script" "lint"
14 error cwd I:\Repos\Web\panoramio-api
15 error node -v v0.10.32
16 error npm -v 1.4.28
17 error code ELIFECYCLE
18 verbose exit [ 1, true ]
